Compilación iniciada a las 03/09/2016 3:25:20.
     1>Proyecto "C:\Users\Ankris\Documents\GitHub\vcmp_simpleini\SimpleIni\SimpleIni.vcxproj" en el nodo 2 (Build destinos).
     1>C:\Program Files (x86)\MSBuild\Microsoft.Cpp\v4.0\V120\Microsoft.CppBuild.targets(364,5): warning MSB8004: Output Directory does not end with a trailing slash.  This build instance will add the slash as it is required to allow proper evaluation of the Output Directory.
     1>ClCompile:
         C:\Program Files (x86)\Microsoft Visual Studio 12.0\VC\bin\x86_amd64\CL.exe /c /Zi /nologo /W3 /WX- /sdl /O2 /Oi /GL /D _WINDLL /D _CRT_SECURE_NO_WARNINGS /D _WINDLL /D _MBCS /Gm- /EHsc /MD /GS /Gy /fp:precise /Zc:wchar_t /Zc:forScope /Fd"vc120.pdb" /Gd /TP /errorReport:prompt SQFuncs.cpp
         SQFuncs.cpp
     1>SQFuncs.cpp(123): warning C4800: 'SQBool' : forzando el valor a bool 'true' o 'false' (advertencia de rendimiento)
     1>SQFuncs.cpp(254): warning C4800: 'SQBool' : forzando el valor a bool 'true' o 'false' (advertencia de rendimiento)
     1>SQFuncs.cpp(332): warning C4244: 'argumento' : conversión de 'SQInteger' a 'long'; posible pérdida de datos
     1>SQFuncs.cpp(433): warning C4244: 'argumento' : conversión de 'double' a 'SQFloat'; posible pérdida de datos
       Link:
         C:\Program Files (x86)\Microsoft Visual Studio 12.0\VC\bin\x86_amd64\link.exe /ERRORREPORT:PROMPT /OUT:"..\bin\SimpleIni64.dll" /NOLOGO kernel32.lib user32.lib gdi32.lib winspool.lib comdlg32.lib advapi32.lib shell32.lib ole32.lib oleaut32.lib uuid.lib odbc32.lib odbccp32.lib /MANIFEST /MANIFESTUAC:"level='asInvoker' uiAccess='false'" /manifest:embed /DEBUG /PDB:"..\bin\SimpleIni64.pdb" /OPT:REF /OPT:ICF /LTCG /TLBID:1 /DYNAMICBASE /NXCOMPAT /IMPLIB:"..\bin\SimpleIni64.lib" /MACHINE:X64 /DLL dllmain.obj
         SQEvents.obj
         SQFuncs.obj
            Creando biblioteca ..\bin\SimpleIni64.lib y objeto ..\bin\SimpleIni64.exp
         Generando código
         Generación de código finalizada
         SimpleIni.vcxproj -> C:\Users\Ankris\Documents\GitHub\vcmp_simpleini\SimpleIni\..\bin\SimpleIni64.dll
     1>Compilación del proyecto terminada "C:\Users\Ankris\Documents\GitHub\vcmp_simpleini\SimpleIni\SimpleIni.vcxproj" (Build destinos).

Compilación correcta.

Tiempo transcurrido 00:00:06.35
